2022-05-29 00:26:58,034  INFO [1] [F:\salMan\UtilityLayer\Logging.cs.12] - Start Logging
2022-05-29 00:26:58,126  INFO [1] [F:\salMan\UtilityLayer\Logging.cs.31] - Log auth [Login]: admin@gmail.com
2022-05-29 00:28:59,439  INFO [1] [F:\salMan\UtilityLayer\Logging.cs.12] - Start Logging
2022-05-29 00:28:59,493  INFO [1] [F:\salMan\UtilityLayer\Logging.cs.31] - Log auth [Login]: admin@gmail.com
2022-05-29 00:40:53,798  INFO [1] [F:\salMan\UtilityLayer\Logging.cs.12] - Start Logging
2022-05-29 00:40:53,955  INFO [1] [F:\salMan\UtilityLayer\Logging.cs.31] - Log auth [Login]: admin@gmail.com
2022-05-29 00:41:28,915  INFO [1] [F:\salMan\UtilityLayer\Logging.cs.31] - [CRUD]: insert into StaffInfo values(@code,@name,@birth_date,@birth_place,@email,@start_working_date,@working_status,@end_working_date,@basic_salary_amount,@insurance_amount,@allowance_amount,@department_id,@position_id,@account_id)
2022-05-29 07:39:14,405  INFO [1] [F:\salMan\UtilityLayer\Logging.cs.12] - Start Logging
2022-05-29 07:39:14,506  INFO [1] [F:\salMan\UtilityLayer\Logging.cs.31] - Log auth [Login]: admin@gmail.com
2022-05-29 08:20:16,384  INFO [1] [F:\salMan\UtilityLayer\Logging.cs.12] - Start Logging
2022-05-29 08:20:16,459  INFO [1] [F:\salMan\UtilityLayer\Logging.cs.31] - Log auth [Login]: admin@gmail.com
2022-05-29 08:20:55,617  INFO [1] [F:\salMan\UtilityLayer\Logging.cs.31] - [CRUD]: merge TimekeepingProcess using (values(@staff_info_id_0,@timekeeping_date_0,@timekeeping_status_0,@evaluated_by_id_0),(@staff_info_id_1,@timekeeping_date_1,@timekeeping_status_1,@evaluated_by_id_1),(@staff_info_id_2,@timekeeping_date_2,@timekeeping_status_2,@evaluated_by_id_2),(@staff_info_id_3,@timekeeping_date_3,@timekeeping_status_3,@evaluated_by_id_3),(@staff_info_id_4,@timekeeping_date_4,@timekeeping_status_4,@evaluated_by_id_4),(@staff_info_id_5,@timekeeping_date_5,@timekeeping_status_5,@evaluated_by_id_5),(@staff_info_id_6,@timekeeping_date_6,@timekeeping_status_6,@evaluated_by_id_6),(@staff_info_id_7,@timekeeping_date_7,@timekeeping_status_7,@evaluated_by_id_7),(@staff_info_id_8,@timekeeping_date_8,@timekeeping_status_8,@evaluated_by_id_8),(@staff_info_id_9,@timekeeping_date_9,@timekeeping_status_9,@evaluated_by_id_9),(@staff_info_id_10,@timekeeping_date_10,@timekeeping_status_10,@evaluated_by_id_10),(@staff_info_id_11,@timekeeping_date_11,@timekeeping_status_11,@evaluated_by_id_11),(@staff_info_id_12,@timekeeping_date_12,@timekeeping_status_12,@evaluated_by_id_12),(@staff_info_id_13,@timekeeping_date_13,@timekeeping_status_13,@evaluated_by_id_13),(@staff_info_id_14,@timekeeping_date_14,@timekeeping_status_14,@evaluated_by_id_14),(@staff_info_id_15,@timekeeping_date_15,@timekeeping_status_15,@evaluated_by_id_15),(@staff_info_id_16,@timekeeping_date_16,@timekeeping_status_16,@evaluated_by_id_16),(@staff_info_id_17,@timekeeping_date_17,@timekeeping_status_17,@evaluated_by_id_17),(@staff_info_id_18,@timekeeping_date_18,@timekeeping_status_18,@evaluated_by_id_18),(@staff_info_id_19,@timekeeping_date_19,@timekeeping_status_19,@evaluated_by_id_19),(@staff_info_id_20,@timekeeping_date_20,@timekeeping_status_20,@evaluated_by_id_20),(@staff_info_id_21,@timekeeping_date_21,@timekeeping_status_21,@evaluated_by_id_21),(@staff_info_id_22,@timekeeping_date_22,@timekeeping_status_22,@evaluated_by_id_22)) src(staff_info_id, timekeeping_date, timekeeping_status, evaluated_by_id) on TimekeepingProcess.timekeeping_date = src.timekeeping_date when matched then update set TimekeepingProcess.timekeeping_status = src.timekeeping_status when not matched then insert values(src.staff_info_id, src.timekeeping_date, src.timekeeping_status, src.evaluated_by_id);
2022-05-29 08:20:55,644  INFO [1] [F:\salMan\UtilityLayer\Logging.cs.31] - [CRUD]: if not exists (select * from SalaryProcess where title=@title) begin insert into SalaryProcess values(@staff_info_id,@title,@is_paid,@payment_date,@salary) end
2022-05-29 08:21:27,363  INFO [1] [F:\salMan\UtilityLayer\Logging.cs.12] - Start Logging
2022-05-29 08:21:27,438  INFO [1] [F:\salMan\UtilityLayer\Logging.cs.31] - Log auth [Login]: admin@gmail.com
2022-05-29 08:21:39,255  INFO [1] [F:\salMan\UtilityLayer\Logging.cs.31] - [CRUD]: update SalaryProcess set staff_info_id=@staff_info_id,title=@title,is_paid=@is_paid,payment_date=@payment_date,salary=@salary where id=@id
2022-05-29 08:22:58,861  INFO [1] [F:\salMan\UtilityLayer\Logging.cs.12] - Start Logging
2022-05-29 08:22:58,927  INFO [1] [F:\salMan\UtilityLayer\Logging.cs.31] - Log auth [Login]: admin@gmail.com
2022-05-29 08:23:44,410  INFO [1] [F:\salMan\UtilityLayer\Logging.cs.31] - [CRUD]: delete from StaffInfo where  id=@id_0 
2022-05-29 08:23:44,424  INFO [1] [F:\salMan\UtilityLayer\Logging.cs.31] - [CRUD]: delete from Account where  id=@id_0 
2022-05-29 08:23:49,438  INFO [1] [F:\salMan\UtilityLayer\Logging.cs.31] - [CRUD]: delete from StaffInfo where  id=@id_0 
2022-05-29 08:23:49,446  INFO [1] [F:\salMan\UtilityLayer\Logging.cs.31] - [CRUD]: delete from Account where  id=@id_0 
